--------------- Clean Started: 09/26/2020 21:54:28 Project: ili9341_master, Configuration: ARM GCC 5.4-2016-q2-update Debug ---------------
Deleting file ".\CortexM3\ARM_GCC_541\Debug\main.o"
Deleting file ".\CortexM3\ARM_GCC_541\Debug\disp_spi.o"
Deleting file ".\CortexM3\ARM_GCC_541\Debug\ili9341.o"
Deleting file ".\CortexM3\ARM_GCC_541\Debug\lv_disp.o"
Deleting file ".\CortexM3\ARM_GCC_541\Debug\lv_group.o"
Deleting file ".\CortexM3\ARM_GCC_541\Debug\lv_indev.o"
Deleting file ".\CortexM3\ARM_GCC_541\Debug\lv_obj.o"
Deleting file ".\CortexM3\ARM_GCC_541\Debug\lv_refr.o"
Deleting file ".\CortexM3\ARM_GCC_541\Debug\lv_style.o"
Deleting file ".\CortexM3\ARM_GCC_541\Debug\lv_draw_arc.o"
Deleting file ".\CortexM3\ARM_GCC_541\Debug\lv_draw_blend.o"
Deleting file ".\CortexM3\ARM_GCC_541\Debug\lv_draw_img.o"
Deleting file ".\CortexM3\ARM_GCC_541\Debug\lv_draw_label.o"
Deleting file ".\CortexM3\ARM_GCC_541\Debug\lv_draw_line.o"
Deleting file ".\CortexM3\ARM_GCC_541\Debug\lv_draw_mask.o"
Deleting file ".\CortexM3\ARM_GCC_541\Debug\lv_draw_rect.o"
Deleting file ".\CortexM3\ARM_GCC_541\Debug\lv_draw_triangle.o"
Deleting file ".\CortexM3\ARM_GCC_541\Debug\lv_img_buf.o"
Deleting file ".\CortexM3\ARM_GCC_541\Debug\lv_img_cache.o"
Deleting file ".\CortexM3\ARM_GCC_541\Debug\lv_img_decoder.o"
Deleting file ".\CortexM3\ARM_GCC_541\Debug\lv_font.o"
Deleting file ".\CortexM3\ARM_GCC_541\Debug\lv_font_dejavu_16_persian_hebrew.o"
Deleting file ".\CortexM3\ARM_GCC_541\Debug\lv_font_fmt_txt.o"
Deleting file ".\CortexM3\ARM_GCC_541\Debug\lv_font_loader.o"
Deleting file ".\CortexM3\ARM_GCC_541\Debug\lv_font_montserrat_12.o"
Deleting file ".\CortexM3\ARM_GCC_541\Debug\lv_font_montserrat_12_subpx.o"
Deleting file ".\CortexM3\ARM_GCC_541\Debug\lv_font_montserrat_14.o"
Deleting file ".\CortexM3\ARM_GCC_541\Debug\lv_font_montserrat_16.o"
Deleting file ".\CortexM3\ARM_GCC_541\Debug\lv_font_montserrat_18.o"
Deleting file ".\CortexM3\ARM_GCC_541\Debug\lv_font_montserrat_20.o"
Deleting file ".\CortexM3\ARM_GCC_541\Debug\lv_font_montserrat_22.o"
Deleting file ".\CortexM3\ARM_GCC_541\Debug\lv_font_montserrat_24.o"
Deleting file ".\CortexM3\ARM_GCC_541\Debug\lv_font_montserrat_26.o"
Deleting file ".\CortexM3\ARM_GCC_541\Debug\lv_font_montserrat_28.o"
Deleting file ".\CortexM3\ARM_GCC_541\Debug\lv_font_montserrat_28_compressed.o"
Deleting file ".\CortexM3\ARM_GCC_541\Debug\lv_font_montserrat_30.o"
Deleting file ".\CortexM3\ARM_GCC_541\Debug\lv_font_montserrat_32.o"
Deleting file ".\CortexM3\ARM_GCC_541\Debug\lv_font_montserrat_34.o"
Deleting file ".\CortexM3\ARM_GCC_541\Debug\lv_font_montserrat_36.o"
Deleting file ".\CortexM3\ARM_GCC_541\Debug\lv_font_montserrat_38.o"
Deleting file ".\CortexM3\ARM_GCC_541\Debug\lv_font_montserrat_40.o"
Deleting file ".\CortexM3\ARM_GCC_541\Debug\lv_font_montserrat_42.o"
Deleting file ".\CortexM3\ARM_GCC_541\Debug\lv_font_montserrat_44.o"
Deleting file ".\CortexM3\ARM_GCC_541\Debug\lv_font_montserrat_46.o"
Deleting file ".\CortexM3\ARM_GCC_541\Debug\lv_font_montserrat_48.o"
Deleting file ".\CortexM3\ARM_GCC_541\Debug\lv_font_simsun_16_cjk.o"
Deleting file ".\CortexM3\ARM_GCC_541\Debug\lv_font_unscii_8.o"
Deleting file ".\CortexM3\ARM_GCC_541\Debug\lv_gpu_stm32_dma2d.o"
Deleting file ".\CortexM3\ARM_GCC_541\Debug\lv_hal_disp.o"
Deleting file ".\CortexM3\ARM_GCC_541\Debug\lv_hal_indev.o"
Deleting file ".\CortexM3\ARM_GCC_541\Debug\lv_hal_tick.o"
Deleting file ".\CortexM3\ARM_GCC_541\Debug\lv_anim.o"
Deleting file ".\CortexM3\ARM_GCC_541\Debug\lv_area.o"
Deleting file ".\CortexM3\ARM_GCC_541\Debug\lv_async.o"
Deleting file ".\CortexM3\ARM_GCC_541\Debug\lv_bidi.o"
Deleting file ".\CortexM3\ARM_GCC_541\Debug\lv_color.o"
Deleting file ".\CortexM3\ARM_GCC_541\Debug\lv_debug.o"
Deleting file ".\CortexM3\ARM_GCC_541\Debug\lv_fs.o"
Deleting file ".\CortexM3\ARM_GCC_541\Debug\lv_gc.o"
Deleting file ".\CortexM3\ARM_GCC_541\Debug\lv_ll.o"
Deleting file ".\CortexM3\ARM_GCC_541\Debug\lv_log.o"
Deleting file ".\CortexM3\ARM_GCC_541\Debug\lv_math.o"
Deleting file ".\CortexM3\ARM_GCC_541\Debug\lv_mem.o"
Deleting file ".\CortexM3\ARM_GCC_541\Debug\lv_printf.o"
Deleting file ".\CortexM3\ARM_GCC_541\Debug\lv_task.o"
Deleting file ".\CortexM3\ARM_GCC_541\Debug\lv_templ.o"
Deleting file ".\CortexM3\ARM_GCC_541\Debug\lv_txt.o"
Deleting file ".\CortexM3\ARM_GCC_541\Debug\lv_txt_ap.o"
Deleting file ".\CortexM3\ARM_GCC_541\Debug\lv_utils.o"
Deleting file ".\CortexM3\ARM_GCC_541\Debug\lv_theme.o"
Deleting file ".\CortexM3\ARM_GCC_541\Debug\lv_theme_empty.o"
Deleting file ".\CortexM3\ARM_GCC_541\Debug\lv_theme_material.o"
Deleting file ".\CortexM3\ARM_GCC_541\Debug\lv_theme_mono.o"
Deleting file ".\CortexM3\ARM_GCC_541\Debug\lv_theme_template.o"
Deleting file ".\CortexM3\ARM_GCC_541\Debug\lv_arc.o"
Deleting file ".\CortexM3\ARM_GCC_541\Debug\lv_bar.o"
Deleting file ".\CortexM3\ARM_GCC_541\Debug\lv_btn.o"
Deleting file ".\CortexM3\ARM_GCC_541\Debug\lv_btnmatrix.o"
Deleting file ".\CortexM3\ARM_GCC_541\Debug\lv_calendar.o"
Deleting file ".\CortexM3\ARM_GCC_541\Debug\lv_canvas.o"
Deleting file ".\CortexM3\ARM_GCC_541\Debug\lv_chart.o"
Deleting file ".\CortexM3\ARM_GCC_541\Debug\lv_checkbox.o"
Deleting file ".\CortexM3\ARM_GCC_541\Debug\lv_cont.o"
Deleting file ".\CortexM3\ARM_GCC_541\Debug\lv_cpicker.o"
Deleting file ".\CortexM3\ARM_GCC_541\Debug\lv_dropdown.o"
Deleting file ".\CortexM3\ARM_GCC_541\Debug\lv_gauge.o"
Deleting file ".\CortexM3\ARM_GCC_541\Debug\lv_img.o"
Deleting file ".\CortexM3\ARM_GCC_541\Debug\lv_imgbtn.o"
Deleting file ".\CortexM3\ARM_GCC_541\Debug\lv_keyboard.o"
Deleting file ".\CortexM3\ARM_GCC_541\Debug\lv_label.o"
Deleting file ".\CortexM3\ARM_GCC_541\Debug\lv_led.o"
Deleting file ".\CortexM3\ARM_GCC_541\Debug\lv_line.o"
Deleting file ".\CortexM3\ARM_GCC_541\Debug\lv_linemeter.o"
Deleting file ".\CortexM3\ARM_GCC_541\Debug\lv_list.o"
Deleting file ".\CortexM3\ARM_GCC_541\Debug\lv_msgbox.o"
Deleting file ".\CortexM3\ARM_GCC_541\Debug\lv_objmask.o"
Deleting file ".\CortexM3\ARM_GCC_541\Debug\lv_objx_templ.o"
Deleting file ".\CortexM3\ARM_GCC_541\Debug\lv_page.o"
Deleting file ".\CortexM3\ARM_GCC_541\Debug\lv_roller.o"
Deleting file ".\CortexM3\ARM_GCC_541\Debug\lv_slider.o"
Deleting file ".\CortexM3\ARM_GCC_541\Debug\lv_spinbox.o"
Deleting file ".\CortexM3\ARM_GCC_541\Debug\lv_spinner.o"
Deleting file ".\CortexM3\ARM_GCC_541\Debug\lv_switch.o"
Deleting file ".\CortexM3\ARM_GCC_541\Debug\lv_table.o"
Deleting file ".\CortexM3\ARM_GCC_541\Debug\lv_tabview.o"
Deleting file ".\CortexM3\ARM_GCC_541\Debug\lv_textarea.o"
Deleting file ".\CortexM3\ARM_GCC_541\Debug\lv_tileview.o"
Deleting file ".\CortexM3\ARM_GCC_541\Debug\lv_win.o"
Deleting file ".\CortexM3\ARM_GCC_541\Debug\spi_dma.o"
Deleting file ".\CortexM3\ARM_GCC_541\Debug\psoc_platform.o"
Deleting file ".\CortexM3\ARM_GCC_541\Debug\cyfitter_cfg.o"
Deleting file ".\CortexM3\ARM_GCC_541\Debug\cymetadata.o"
Deleting file ".\CortexM3\ARM_GCC_541\Debug\MOSI.o"
Deleting file ".\CortexM3\ARM_GCC_541\Debug\SCLK.o"
Deleting file ".\CortexM3\ARM_GCC_541\Debug\SPI.o"
Deleting file ".\CortexM3\ARM_GCC_541\Debug\SPI_PM.o"
Deleting file ".\CortexM3\ARM_GCC_541\Debug\SPI_INT.o"
Deleting file ".\CortexM3\ARM_GCC_541\Debug\DISP_RST.o"
Deleting file ".\CortexM3\ARM_GCC_541\Debug\SPI_IntClock.o"
Deleting file ".\CortexM3\ARM_GCC_541\Debug\Cm3Start.o"
Deleting file ".\CortexM3\ARM_GCC_541\Debug\CyBootAsmGnu.o"
Deleting file ".\CortexM3\ARM_GCC_541\Debug\CyDmac.o"
Deleting file ".\CortexM3\ARM_GCC_541\Debug\CyFlash.o"
Deleting file ".\CortexM3\ARM_GCC_541\Debug\CyLib.o"
Deleting file ".\CortexM3\ARM_GCC_541\Debug\cyPm.o"
Deleting file ".\CortexM3\ARM_GCC_541\Debug\CySpc.o"
Deleting file ".\CortexM3\ARM_GCC_541\Debug\cyutils.o"
Deleting file ".\CortexM3\ARM_GCC_541\Debug\DISP_BCKL.o"
Deleting file ".\CortexM3\ARM_GCC_541\Debug\DISP_DC.o"
Deleting file ".\CortexM3\ARM_GCC_541\Debug\MISO.o"
Deleting file ".\CortexM3\ARM_GCC_541\Debug\DMA_Tx_dma.o"
Deleting file ".\CortexM3\ARM_GCC_541\Debug\UART.o"
Deleting file ".\CortexM3\ARM_GCC_541\Debug\UART_AsmGnu.o"
Deleting file ".\CortexM3\ARM_GCC_541\Debug\isr_SPI_TX_DMA.o"
Deleting file ".\CortexM3\ARM_GCC_541\Debug\LED.o"
Deleting file ".\CortexM3\ARM_GCC_541\Debug\isr_SPI_TX.o"
Deleting file ".\CortexM3\ARM_GCC_541\Debug\SPI_TX_ISR_LVL.o"
Deleting file ".\CortexM3\ARM_GCC_541\Debug\SPI_DMA_DONE.o"
Deleting file ".\CortexM3\ARM_GCC_541\Debug\cy_em_eeprom.o"
Deleting file ".\CortexM3\ARM_GCC_541\Debug\SS.o"
Deleting file ".\CortexM3\ARM_GCC_541\Debug\QuadDec.o"
Deleting file ".\CortexM3\ARM_GCC_541\Debug\QuadDec_PM.o"
Deleting file ".\CortexM3\ARM_GCC_541\Debug\Clock_1.o"
Deleting file ".\CortexM3\ARM_GCC_541\Debug\A.o"
Deleting file ".\CortexM3\ARM_GCC_541\Debug\B.o"
Deleting file ".\CortexM3\ARM_GCC_541\Debug\QuadDec_Cnt8.o"
Deleting file ".\CortexM3\ARM_GCC_541\Debug\QuadDec_Cnt8_PM.o"
Deleting file ".\CortexM3\ARM_GCC_541\Debug\QuadDec_SW.o"
Deleting file ".\CortexM3\ARM_GCC_541\Debug\MISO_T.o"
Deleting file ".\CortexM3\ARM_GCC_541\Debug\MOSI_T.o"
Deleting file ".\CortexM3\ARM_GCC_541\Debug\SCLK_T.o"
Deleting file ".\CortexM3\ARM_GCC_541\Debug\SPI_T.o"
Deleting file ".\CortexM3\ARM_GCC_541\Debug\SPI_T_PM.o"
Deleting file ".\CortexM3\ARM_GCC_541\Debug\SPI_T_INT.o"
Deleting file ".\CortexM3\ARM_GCC_541\Debug\SS_T.o"
Deleting file ".\CortexM3\ARM_GCC_541\Debug\SPI_T_IntClock.o"
Deleting file ".\CortexM3\ARM_GCC_541\Debug\ili9341_master.hex"
Deleting file ".\CortexM3\ARM_GCC_541\Debug\ili9341_master.elf"
Deleting file ".\CortexM3\ARM_GCC_541\Debug\ili9341_master.map"
Deleting file ".\ili9341_master.cycdx"
Deleting file ".\ili9341_master.svd"
Deleting file ".\ili9341_master.rpt"
Deleting file ".\ili9341_master_timing.html"
Deleting file ".\CortexM3\ARM_GCC_541\Debug\.deps\SOURCE_C__ARM_GCC_GENERIC.P"
Deleting file ".\CortexM3\ARM_GCC_541\Debug\.deps\SOURCE_ASM__ARM_GCC_GENERIC.P"
--------------- Clean Succeeded: 09/26/2020 21:54:30 ---------------
