ARM GAS  C:\Users\strap\AppData\Local\Temp\cctJMVdh.s 			page 1


   1              		.syntax unified
   2              		.cpu cortex-m3
   3              		.fpu softvfp
   4              		.eabi_attribute 20, 1
   5              		.eabi_attribute 21, 1
   6              		.eabi_attribute 23, 3
   7              		.eabi_attribute 24, 1
   8              		.eabi_attribute 25, 1
   9              		.eabi_attribute 26, 1
  10              		.eabi_attribute 30, 1
  11              		.eabi_attribute 34, 1
  12              		.eabi_attribute 18, 4
  13              		.thumb
  14              		.syntax unified
  15              		.file	"lv_hal_tick.c"
  16              		.text
  17              	.Ltext0:
  18              		.cfi_sections	.debug_frame
  19              		.section	.text.lv_tick_inc,"ax",%progbits
  20              		.align	2
  21              		.global	lv_tick_inc
  22              		.thumb
  23              		.thumb_func
  24              		.type	lv_tick_inc, %function
  25              	lv_tick_inc:
  26              	.LFB0:
  27              		.file 1 "lvgl\\src\\lv_hal\\lv_hal_tick.c"
   1:lvgl\src\lv_hal/lv_hal_tick.c **** /**
   2:lvgl\src\lv_hal/lv_hal_tick.c ****  * @file systick.c
   3:lvgl\src\lv_hal/lv_hal_tick.c ****  * Provide access to the system tick with 1 millisecond resolution
   4:lvgl\src\lv_hal/lv_hal_tick.c ****  */
   5:lvgl\src\lv_hal/lv_hal_tick.c **** 
   6:lvgl\src\lv_hal/lv_hal_tick.c **** /*********************
   7:lvgl\src\lv_hal/lv_hal_tick.c ****  *      INCLUDES
   8:lvgl\src\lv_hal/lv_hal_tick.c ****  *********************/
   9:lvgl\src\lv_hal/lv_hal_tick.c **** #include "lv_hal_tick.h"
  10:lvgl\src\lv_hal/lv_hal_tick.c **** #include <stddef.h>
  11:lvgl\src\lv_hal/lv_hal_tick.c **** 
  12:lvgl\src\lv_hal/lv_hal_tick.c **** #if LV_TICK_CUSTOM == 1
  13:lvgl\src\lv_hal/lv_hal_tick.c ****     #include LV_TICK_CUSTOM_INCLUDE
  14:lvgl\src\lv_hal/lv_hal_tick.c **** #endif
  15:lvgl\src\lv_hal/lv_hal_tick.c **** 
  16:lvgl\src\lv_hal/lv_hal_tick.c **** /*********************
  17:lvgl\src\lv_hal/lv_hal_tick.c ****  *      DEFINES
  18:lvgl\src\lv_hal/lv_hal_tick.c ****  *********************/
  19:lvgl\src\lv_hal/lv_hal_tick.c **** 
  20:lvgl\src\lv_hal/lv_hal_tick.c **** /**********************
  21:lvgl\src\lv_hal/lv_hal_tick.c ****  *      TYPEDEFS
  22:lvgl\src\lv_hal/lv_hal_tick.c ****  **********************/
  23:lvgl\src\lv_hal/lv_hal_tick.c **** 
  24:lvgl\src\lv_hal/lv_hal_tick.c **** /**********************
  25:lvgl\src\lv_hal/lv_hal_tick.c ****  *  STATIC PROTOTYPES
  26:lvgl\src\lv_hal/lv_hal_tick.c ****  **********************/
  27:lvgl\src\lv_hal/lv_hal_tick.c **** 
  28:lvgl\src\lv_hal/lv_hal_tick.c **** /**********************
  29:lvgl\src\lv_hal/lv_hal_tick.c ****  *  STATIC VARIABLES
  30:lvgl\src\lv_hal/lv_hal_tick.c ****  **********************/
ARM GAS  C:\Users\strap\AppData\Local\Temp\cctJMVdh.s 			page 2


  31:lvgl\src\lv_hal/lv_hal_tick.c **** static uint32_t sys_time = 0;
  32:lvgl\src\lv_hal/lv_hal_tick.c **** static volatile uint8_t tick_irq_flag;
  33:lvgl\src\lv_hal/lv_hal_tick.c **** 
  34:lvgl\src\lv_hal/lv_hal_tick.c **** /**********************
  35:lvgl\src\lv_hal/lv_hal_tick.c ****  *      MACROS
  36:lvgl\src\lv_hal/lv_hal_tick.c ****  **********************/
  37:lvgl\src\lv_hal/lv_hal_tick.c **** 
  38:lvgl\src\lv_hal/lv_hal_tick.c **** /**********************
  39:lvgl\src\lv_hal/lv_hal_tick.c ****  *   GLOBAL FUNCTIONS
  40:lvgl\src\lv_hal/lv_hal_tick.c ****  **********************/
  41:lvgl\src\lv_hal/lv_hal_tick.c **** 
  42:lvgl\src\lv_hal/lv_hal_tick.c **** /**
  43:lvgl\src\lv_hal/lv_hal_tick.c ****  * You have to call this function periodically
  44:lvgl\src\lv_hal/lv_hal_tick.c ****  * @param tick_period the call period of this function in milliseconds
  45:lvgl\src\lv_hal/lv_hal_tick.c ****  */
  46:lvgl\src\lv_hal/lv_hal_tick.c **** LV_ATTRIBUTE_TICK_INC void lv_tick_inc(uint32_t tick_period)
  47:lvgl\src\lv_hal/lv_hal_tick.c **** {
  28              		.loc 1 47 0
  29              		.cfi_startproc
  30              		@ args = 0, pretend = 0, frame = 0
  31              		@ frame_needed = 0, uses_anonymous_args = 0
  32              		@ link register save eliminated.
  33              	.LVL0:
  48:lvgl\src\lv_hal/lv_hal_tick.c ****     tick_irq_flag = 0;
  34              		.loc 1 48 0
  35 0000 034B     		ldr	r3, .L2
  36 0002 0022     		movs	r2, #0
  37 0004 1A70     		strb	r2, [r3]
  49:lvgl\src\lv_hal/lv_hal_tick.c ****     sys_time += tick_period;
  38              		.loc 1 49 0
  39 0006 5A68     		ldr	r2, [r3, #4]
  40 0008 1044     		add	r0, r0, r2
  41              	.LVL1:
  42 000a 5860     		str	r0, [r3, #4]
  43 000c 7047     		bx	lr
  44              	.L3:
  45 000e 00BF     		.align	2
  46              	.L2:
  47 0010 00000000 		.word	.LANCHOR0
  48              		.cfi_endproc
  49              	.LFE0:
  50              		.size	lv_tick_inc, .-lv_tick_inc
  51              		.section	.text.lv_tick_get,"ax",%progbits
  52              		.align	2
  53              		.global	lv_tick_get
  54              		.thumb
  55              		.thumb_func
  56              		.type	lv_tick_get, %function
  57              	lv_tick_get:
  58              	.LFB1:
  50:lvgl\src\lv_hal/lv_hal_tick.c **** }
  51:lvgl\src\lv_hal/lv_hal_tick.c **** 
  52:lvgl\src\lv_hal/lv_hal_tick.c **** /**
  53:lvgl\src\lv_hal/lv_hal_tick.c ****  * Get the elapsed milliseconds since start up
  54:lvgl\src\lv_hal/lv_hal_tick.c ****  * @return the elapsed milliseconds
  55:lvgl\src\lv_hal/lv_hal_tick.c ****  */
  56:lvgl\src\lv_hal/lv_hal_tick.c **** uint32_t lv_tick_get(void)
ARM GAS  C:\Users\strap\AppData\Local\Temp\cctJMVdh.s 			page 3


  57:lvgl\src\lv_hal/lv_hal_tick.c **** {
  59              		.loc 1 57 0
  60              		.cfi_startproc
  61              		@ args = 0, pretend = 0, frame = 0
  62              		@ frame_needed = 0, uses_anonymous_args = 0
  63              		@ link register save eliminated.
  64              	.L5:
  58:lvgl\src\lv_hal/lv_hal_tick.c **** #if LV_TICK_CUSTOM == 0
  59:lvgl\src\lv_hal/lv_hal_tick.c **** 
  60:lvgl\src\lv_hal/lv_hal_tick.c ****     /* If `lv_tick_inc` is called from an interrupt while `sys_time` is read
  61:lvgl\src\lv_hal/lv_hal_tick.c ****      * the result might be corrupted.
  62:lvgl\src\lv_hal/lv_hal_tick.c ****      * This loop detects if `lv_tick_inc` was called while reading `sys_time`.
  63:lvgl\src\lv_hal/lv_hal_tick.c ****      * If `tick_irq_flag` was cleared in `lv_tick_inc` try to read again
  64:lvgl\src\lv_hal/lv_hal_tick.c ****      * until `tick_irq_flag` remains `1`. */
  65:lvgl\src\lv_hal/lv_hal_tick.c ****     uint32_t result;
  66:lvgl\src\lv_hal/lv_hal_tick.c ****     do {
  67:lvgl\src\lv_hal/lv_hal_tick.c ****         tick_irq_flag = 1;
  65              		.loc 1 67 0 discriminator 1
  66 0000 044B     		ldr	r3, .L6
  67 0002 0122     		movs	r2, #1
  68 0004 1A70     		strb	r2, [r3]
  68:lvgl\src\lv_hal/lv_hal_tick.c ****         result        = sys_time;
  69              		.loc 1 68 0 discriminator 1
  70 0006 5868     		ldr	r0, [r3, #4]
  71              	.LVL2:
  69:lvgl\src\lv_hal/lv_hal_tick.c ****     } while(!tick_irq_flag); /*Continue until see a non interrupted cycle */
  72              		.loc 1 69 0 discriminator 1
  73 0008 1B78     		ldrb	r3, [r3]	@ zero_extendqisi2
  74 000a 13F0FF0F 		tst	r3, #255
  75 000e F7D0     		beq	.L5
  70:lvgl\src\lv_hal/lv_hal_tick.c **** 
  71:lvgl\src\lv_hal/lv_hal_tick.c ****     return result;
  72:lvgl\src\lv_hal/lv_hal_tick.c **** #else
  73:lvgl\src\lv_hal/lv_hal_tick.c ****     return LV_TICK_CUSTOM_SYS_TIME_EXPR;
  74:lvgl\src\lv_hal/lv_hal_tick.c **** #endif
  75:lvgl\src\lv_hal/lv_hal_tick.c **** }
  76              		.loc 1 75 0
  77 0010 7047     		bx	lr
  78              	.L7:
  79 0012 00BF     		.align	2
  80              	.L6:
  81 0014 00000000 		.word	.LANCHOR0
  82              		.cfi_endproc
  83              	.LFE1:
  84              		.size	lv_tick_get, .-lv_tick_get
  85              		.section	.text.lv_tick_elaps,"ax",%progbits
  86              		.align	2
  87              		.global	lv_tick_elaps
  88              		.thumb
  89              		.thumb_func
  90              		.type	lv_tick_elaps, %function
  91              	lv_tick_elaps:
  92              	.LFB2:
  76:lvgl\src\lv_hal/lv_hal_tick.c **** 
  77:lvgl\src\lv_hal/lv_hal_tick.c **** /**
  78:lvgl\src\lv_hal/lv_hal_tick.c ****  * Get the elapsed milliseconds since a previous time stamp
  79:lvgl\src\lv_hal/lv_hal_tick.c ****  * @param prev_tick a previous time stamp (return value of systick_get() )
ARM GAS  C:\Users\strap\AppData\Local\Temp\cctJMVdh.s 			page 4


  80:lvgl\src\lv_hal/lv_hal_tick.c ****  * @return the elapsed milliseconds since 'prev_tick'
  81:lvgl\src\lv_hal/lv_hal_tick.c ****  */
  82:lvgl\src\lv_hal/lv_hal_tick.c **** uint32_t lv_tick_elaps(uint32_t prev_tick)
  83:lvgl\src\lv_hal/lv_hal_tick.c **** {
  93              		.loc 1 83 0
  94              		.cfi_startproc
  95              		@ args = 0, pretend = 0, frame = 0
  96              		@ frame_needed = 0, uses_anonymous_args = 0
  97              	.LVL3:
  98 0000 10B5     		push	{r4, lr}
  99              		.cfi_def_cfa_offset 8
 100              		.cfi_offset 4, -8
 101              		.cfi_offset 14, -4
 102 0002 0446     		mov	r4, r0
  84:lvgl\src\lv_hal/lv_hal_tick.c ****     uint32_t act_time = lv_tick_get();
 103              		.loc 1 84 0
 104 0004 FFF7FEFF 		bl	lv_tick_get
 105              	.LVL4:
  85:lvgl\src\lv_hal/lv_hal_tick.c **** 
  86:lvgl\src\lv_hal/lv_hal_tick.c ****     /*If there is no overflow in sys_time simple subtract*/
  87:lvgl\src\lv_hal/lv_hal_tick.c ****     if(act_time >= prev_tick) {
 106              		.loc 1 87 0
 107 0008 A042     		cmp	r0, r4
 108 000a 01D3     		bcc	.L9
  88:lvgl\src\lv_hal/lv_hal_tick.c ****         prev_tick = act_time - prev_tick;
 109              		.loc 1 88 0
 110 000c 001B     		subs	r0, r0, r4
 111              	.LVL5:
 112 000e 10BD     		pop	{r4, pc}
 113              	.LVL6:
 114              	.L9:
  89:lvgl\src\lv_hal/lv_hal_tick.c ****     }
  90:lvgl\src\lv_hal/lv_hal_tick.c ****     else {
  91:lvgl\src\lv_hal/lv_hal_tick.c ****         prev_tick = UINT32_MAX - prev_tick + 1;
  92:lvgl\src\lv_hal/lv_hal_tick.c ****         prev_tick += act_time;
 115              		.loc 1 92 0
 116 0010 001B     		subs	r0, r0, r4
 117              	.LVL7:
  93:lvgl\src\lv_hal/lv_hal_tick.c ****     }
  94:lvgl\src\lv_hal/lv_hal_tick.c **** 
  95:lvgl\src\lv_hal/lv_hal_tick.c ****     return prev_tick;
  96:lvgl\src\lv_hal/lv_hal_tick.c **** }
 118              		.loc 1 96 0
 119 0012 10BD     		pop	{r4, pc}
 120              		.cfi_endproc
 121              	.LFE2:
 122              		.size	lv_tick_elaps, .-lv_tick_elaps
 123              		.bss
 124              		.align	2
 125              		.set	.LANCHOR0,. + 0
 126              		.type	tick_irq_flag, %object
 127              		.size	tick_irq_flag, 1
 128              	tick_irq_flag:
 129 0000 00       		.space	1
 130 0001 000000   		.space	3
 131              		.type	sys_time, %object
 132              		.size	sys_time, 4
ARM GAS  C:\Users\strap\AppData\Local\Temp\cctJMVdh.s 			page 5


 133              	sys_time:
 134 0004 00000000 		.space	4
 135              		.text
 136              	.Letext0:
 137              		.file 2 "c:\\program files (x86)\\cypress\\psoc creator\\4.4\\psoc creator\\import\\gnu\\arm\\5.4.
 138              		.file 3 "c:\\program files (x86)\\cypress\\psoc creator\\4.4\\psoc creator\\import\\gnu\\arm\\5.4.
 139              		.section	.debug_info,"",%progbits
 140              	.Ldebug_info0:
 141 0000 4F010000 		.4byte	0x14f
 142 0004 0400     		.2byte	0x4
 143 0006 00000000 		.4byte	.Ldebug_abbrev0
 144 000a 04       		.byte	0x4
 145 000b 01       		.uleb128 0x1
 146 000c 63000000 		.4byte	.LASF22
 147 0010 0C       		.byte	0xc
 148 0011 18000000 		.4byte	.LASF23
 149 0015 91010000 		.4byte	.LASF24
 150 0019 00000000 		.4byte	.Ldebug_ranges0+0
 151 001d 00000000 		.4byte	0
 152 0021 00000000 		.4byte	.Ldebug_line0
 153 0025 02       		.uleb128 0x2
 154 0026 01       		.byte	0x1
 155 0027 06       		.byte	0x6
 156 0028 F9010000 		.4byte	.LASF0
 157 002c 03       		.uleb128 0x3
 158 002d 0E000000 		.4byte	.LASF5
 159 0031 02       		.byte	0x2
 160 0032 1D       		.byte	0x1d
 161 0033 37000000 		.4byte	0x37
 162 0037 02       		.uleb128 0x2
 163 0038 01       		.byte	0x1
 164 0039 08       		.byte	0x8
 165 003a 55000000 		.4byte	.LASF1
 166 003e 02       		.uleb128 0x2
 167 003f 02       		.byte	0x2
 168 0040 05       		.byte	0x5
 169 0041 D1010000 		.4byte	.LASF2
 170 0045 02       		.uleb128 0x2
 171 0046 02       		.byte	0x2
 172 0047 07       		.byte	0x7
 173 0048 11010000 		.4byte	.LASF3
 174 004c 02       		.uleb128 0x2
 175 004d 04       		.byte	0x4
 176 004e 05       		.byte	0x5
 177 004f E4010000 		.4byte	.LASF4
 178 0053 03       		.uleb128 0x3
 179 0054 3E010000 		.4byte	.LASF6
 180 0058 02       		.byte	0x2
 181 0059 41       		.byte	0x41
 182 005a 5E000000 		.4byte	0x5e
 183 005e 02       		.uleb128 0x2
 184 005f 04       		.byte	0x4
 185 0060 07       		.byte	0x7
 186 0061 FF000000 		.4byte	.LASF7
 187 0065 02       		.uleb128 0x2
 188 0066 08       		.byte	0x8
 189 0067 05       		.byte	0x5
ARM GAS  C:\Users\strap\AppData\Local\Temp\cctJMVdh.s 			page 6


 190 0068 00000000 		.4byte	.LASF8
 191 006c 02       		.uleb128 0x2
 192 006d 08       		.byte	0x8
 193 006e 07       		.byte	0x7
 194 006f 6B010000 		.4byte	.LASF9
 195 0073 04       		.uleb128 0x4
 196 0074 04       		.byte	0x4
 197 0075 05       		.byte	0x5
 198 0076 696E7400 		.ascii	"int\000"
 199 007a 02       		.uleb128 0x2
 200 007b 04       		.byte	0x4
 201 007c 07       		.byte	0x7
 202 007d 55010000 		.4byte	.LASF10
 203 0081 03       		.uleb128 0x3
 204 0082 82010000 		.4byte	.LASF11
 205 0086 03       		.byte	0x3
 206 0087 18       		.byte	0x18
 207 0088 2C000000 		.4byte	0x2c
 208 008c 03       		.uleb128 0x3
 209 008d DB010000 		.4byte	.LASF12
 210 0091 03       		.byte	0x3
 211 0092 30       		.byte	0x30
 212 0093 53000000 		.4byte	0x53
 213 0097 02       		.uleb128 0x2
 214 0098 08       		.byte	0x8
 215 0099 04       		.byte	0x4
 216 009a ED010000 		.4byte	.LASF13
 217 009e 05       		.uleb128 0x5
 218 009f 49010000 		.4byte	.LASF25
 219 00a3 01       		.byte	0x1
 220 00a4 2E       		.byte	0x2e
 221 00a5 00000000 		.4byte	.LFB0
 222 00a9 14000000 		.4byte	.LFE0-.LFB0
 223 00ad 01       		.uleb128 0x1
 224 00ae 9C       		.byte	0x9c
 225 00af C3000000 		.4byte	0xc3
 226 00b3 06       		.uleb128 0x6
 227 00b4 32010000 		.4byte	.LASF16
 228 00b8 01       		.byte	0x1
 229 00b9 2E       		.byte	0x2e
 230 00ba 8C000000 		.4byte	0x8c
 231 00be 00000000 		.4byte	.LLST0
 232 00c2 00       		.byte	0
 233 00c3 07       		.uleb128 0x7
 234 00c4 40000000 		.4byte	.LASF14
 235 00c8 01       		.byte	0x1
 236 00c9 38       		.byte	0x38
 237 00ca 8C000000 		.4byte	0x8c
 238 00ce 00000000 		.4byte	.LFB1
 239 00d2 18000000 		.4byte	.LFE1-.LFB1
 240 00d6 01       		.uleb128 0x1
 241 00d7 9C       		.byte	0x9c
 242 00d8 EA000000 		.4byte	0xea
 243 00dc 08       		.uleb128 0x8
 244 00dd 8A010000 		.4byte	.LASF18
 245 00e1 01       		.byte	0x1
 246 00e2 41       		.byte	0x41
ARM GAS  C:\Users\strap\AppData\Local\Temp\cctJMVdh.s 			page 7


 247 00e3 8C000000 		.4byte	0x8c
 248 00e7 01       		.uleb128 0x1
 249 00e8 50       		.byte	0x50
 250 00e9 00       		.byte	0
 251 00ea 07       		.uleb128 0x7
 252 00eb F1000000 		.4byte	.LASF15
 253 00ef 01       		.byte	0x1
 254 00f0 52       		.byte	0x52
 255 00f1 8C000000 		.4byte	0x8c
 256 00f5 00000000 		.4byte	.LFB2
 257 00f9 14000000 		.4byte	.LFE2-.LFB2
 258 00fd 01       		.uleb128 0x1
 259 00fe 9C       		.byte	0x9c
 260 00ff 2B010000 		.4byte	0x12b
 261 0103 06       		.uleb128 0x6
 262 0104 36000000 		.4byte	.LASF17
 263 0108 01       		.byte	0x1
 264 0109 52       		.byte	0x52
 265 010a 8C000000 		.4byte	0x8c
 266 010e 21000000 		.4byte	.LLST1
 267 0112 09       		.uleb128 0x9
 268 0113 62010000 		.4byte	.LASF19
 269 0117 01       		.byte	0x1
 270 0118 54       		.byte	0x54
 271 0119 8C000000 		.4byte	0x8c
 272 011d 63000000 		.4byte	.LLST2
 273 0121 0A       		.uleb128 0xa
 274 0122 08000000 		.4byte	.LVL4
 275 0126 C3000000 		.4byte	0xc3
 276 012a 00       		.byte	0
 277 012b 08       		.uleb128 0x8
 278 012c 4C000000 		.4byte	.LASF20
 279 0130 01       		.byte	0x1
 280 0131 1F       		.byte	0x1f
 281 0132 8C000000 		.4byte	0x8c
 282 0136 05       		.uleb128 0x5
 283 0137 03       		.byte	0x3
 284 0138 04000000 		.4byte	sys_time
 285 013c 08       		.uleb128 0x8
 286 013d 24010000 		.4byte	.LASF21
 287 0141 01       		.byte	0x1
 288 0142 20       		.byte	0x20
 289 0143 4D010000 		.4byte	0x14d
 290 0147 05       		.uleb128 0x5
 291 0148 03       		.byte	0x3
 292 0149 00000000 		.4byte	tick_irq_flag
 293 014d 0B       		.uleb128 0xb
 294 014e 81000000 		.4byte	0x81
 295 0152 00       		.byte	0
 296              		.section	.debug_abbrev,"",%progbits
 297              	.Ldebug_abbrev0:
 298 0000 01       		.uleb128 0x1
 299 0001 11       		.uleb128 0x11
 300 0002 01       		.byte	0x1
 301 0003 25       		.uleb128 0x25
 302 0004 0E       		.uleb128 0xe
 303 0005 13       		.uleb128 0x13
ARM GAS  C:\Users\strap\AppData\Local\Temp\cctJMVdh.s 			page 8


 304 0006 0B       		.uleb128 0xb
 305 0007 03       		.uleb128 0x3
 306 0008 0E       		.uleb128 0xe
 307 0009 1B       		.uleb128 0x1b
 308 000a 0E       		.uleb128 0xe
 309 000b 55       		.uleb128 0x55
 310 000c 17       		.uleb128 0x17
 311 000d 11       		.uleb128 0x11
 312 000e 01       		.uleb128 0x1
 313 000f 10       		.uleb128 0x10
 314 0010 17       		.uleb128 0x17
 315 0011 00       		.byte	0
 316 0012 00       		.byte	0
 317 0013 02       		.uleb128 0x2
 318 0014 24       		.uleb128 0x24
 319 0015 00       		.byte	0
 320 0016 0B       		.uleb128 0xb
 321 0017 0B       		.uleb128 0xb
 322 0018 3E       		.uleb128 0x3e
 323 0019 0B       		.uleb128 0xb
 324 001a 03       		.uleb128 0x3
 325 001b 0E       		.uleb128 0xe
 326 001c 00       		.byte	0
 327 001d 00       		.byte	0
 328 001e 03       		.uleb128 0x3
 329 001f 16       		.uleb128 0x16
 330 0020 00       		.byte	0
 331 0021 03       		.uleb128 0x3
 332 0022 0E       		.uleb128 0xe
 333 0023 3A       		.uleb128 0x3a
 334 0024 0B       		.uleb128 0xb
 335 0025 3B       		.uleb128 0x3b
 336 0026 0B       		.uleb128 0xb
 337 0027 49       		.uleb128 0x49
 338 0028 13       		.uleb128 0x13
 339 0029 00       		.byte	0
 340 002a 00       		.byte	0
 341 002b 04       		.uleb128 0x4
 342 002c 24       		.uleb128 0x24
 343 002d 00       		.byte	0
 344 002e 0B       		.uleb128 0xb
 345 002f 0B       		.uleb128 0xb
 346 0030 3E       		.uleb128 0x3e
 347 0031 0B       		.uleb128 0xb
 348 0032 03       		.uleb128 0x3
 349 0033 08       		.uleb128 0x8
 350 0034 00       		.byte	0
 351 0035 00       		.byte	0
 352 0036 05       		.uleb128 0x5
 353 0037 2E       		.uleb128 0x2e
 354 0038 01       		.byte	0x1
 355 0039 3F       		.uleb128 0x3f
 356 003a 19       		.uleb128 0x19
 357 003b 03       		.uleb128 0x3
 358 003c 0E       		.uleb128 0xe
 359 003d 3A       		.uleb128 0x3a
 360 003e 0B       		.uleb128 0xb
ARM GAS  C:\Users\strap\AppData\Local\Temp\cctJMVdh.s 			page 9


 361 003f 3B       		.uleb128 0x3b
 362 0040 0B       		.uleb128 0xb
 363 0041 27       		.uleb128 0x27
 364 0042 19       		.uleb128 0x19
 365 0043 11       		.uleb128 0x11
 366 0044 01       		.uleb128 0x1
 367 0045 12       		.uleb128 0x12
 368 0046 06       		.uleb128 0x6
 369 0047 40       		.uleb128 0x40
 370 0048 18       		.uleb128 0x18
 371 0049 9742     		.uleb128 0x2117
 372 004b 19       		.uleb128 0x19
 373 004c 01       		.uleb128 0x1
 374 004d 13       		.uleb128 0x13
 375 004e 00       		.byte	0
 376 004f 00       		.byte	0
 377 0050 06       		.uleb128 0x6
 378 0051 05       		.uleb128 0x5
 379 0052 00       		.byte	0
 380 0053 03       		.uleb128 0x3
 381 0054 0E       		.uleb128 0xe
 382 0055 3A       		.uleb128 0x3a
 383 0056 0B       		.uleb128 0xb
 384 0057 3B       		.uleb128 0x3b
 385 0058 0B       		.uleb128 0xb
 386 0059 49       		.uleb128 0x49
 387 005a 13       		.uleb128 0x13
 388 005b 02       		.uleb128 0x2
 389 005c 17       		.uleb128 0x17
 390 005d 00       		.byte	0
 391 005e 00       		.byte	0
 392 005f 07       		.uleb128 0x7
 393 0060 2E       		.uleb128 0x2e
 394 0061 01       		.byte	0x1
 395 0062 3F       		.uleb128 0x3f
 396 0063 19       		.uleb128 0x19
 397 0064 03       		.uleb128 0x3
 398 0065 0E       		.uleb128 0xe
 399 0066 3A       		.uleb128 0x3a
 400 0067 0B       		.uleb128 0xb
 401 0068 3B       		.uleb128 0x3b
 402 0069 0B       		.uleb128 0xb
 403 006a 27       		.uleb128 0x27
 404 006b 19       		.uleb128 0x19
 405 006c 49       		.uleb128 0x49
 406 006d 13       		.uleb128 0x13
 407 006e 11       		.uleb128 0x11
 408 006f 01       		.uleb128 0x1
 409 0070 12       		.uleb128 0x12
 410 0071 06       		.uleb128 0x6
 411 0072 40       		.uleb128 0x40
 412 0073 18       		.uleb128 0x18
 413 0074 9742     		.uleb128 0x2117
 414 0076 19       		.uleb128 0x19
 415 0077 01       		.uleb128 0x1
 416 0078 13       		.uleb128 0x13
 417 0079 00       		.byte	0
ARM GAS  C:\Users\strap\AppData\Local\Temp\cctJMVdh.s 			page 10


 418 007a 00       		.byte	0
 419 007b 08       		.uleb128 0x8
 420 007c 34       		.uleb128 0x34
 421 007d 00       		.byte	0
 422 007e 03       		.uleb128 0x3
 423 007f 0E       		.uleb128 0xe
 424 0080 3A       		.uleb128 0x3a
 425 0081 0B       		.uleb128 0xb
 426 0082 3B       		.uleb128 0x3b
 427 0083 0B       		.uleb128 0xb
 428 0084 49       		.uleb128 0x49
 429 0085 13       		.uleb128 0x13
 430 0086 02       		.uleb128 0x2
 431 0087 18       		.uleb128 0x18
 432 0088 00       		.byte	0
 433 0089 00       		.byte	0
 434 008a 09       		.uleb128 0x9
 435 008b 34       		.uleb128 0x34
 436 008c 00       		.byte	0
 437 008d 03       		.uleb128 0x3
 438 008e 0E       		.uleb128 0xe
 439 008f 3A       		.uleb128 0x3a
 440 0090 0B       		.uleb128 0xb
 441 0091 3B       		.uleb128 0x3b
 442 0092 0B       		.uleb128 0xb
 443 0093 49       		.uleb128 0x49
 444 0094 13       		.uleb128 0x13
 445 0095 02       		.uleb128 0x2
 446 0096 17       		.uleb128 0x17
 447 0097 00       		.byte	0
 448 0098 00       		.byte	0
 449 0099 0A       		.uleb128 0xa
 450 009a 898201   		.uleb128 0x4109
 451 009d 00       		.byte	0
 452 009e 11       		.uleb128 0x11
 453 009f 01       		.uleb128 0x1
 454 00a0 31       		.uleb128 0x31
 455 00a1 13       		.uleb128 0x13
 456 00a2 00       		.byte	0
 457 00a3 00       		.byte	0
 458 00a4 0B       		.uleb128 0xb
 459 00a5 35       		.uleb128 0x35
 460 00a6 00       		.byte	0
 461 00a7 49       		.uleb128 0x49
 462 00a8 13       		.uleb128 0x13
 463 00a9 00       		.byte	0
 464 00aa 00       		.byte	0
 465 00ab 00       		.byte	0
 466              		.section	.debug_loc,"",%progbits
 467              	.Ldebug_loc0:
 468              	.LLST0:
 469 0000 00000000 		.4byte	.LVL0
 470 0004 0A000000 		.4byte	.LVL1
 471 0008 0100     		.2byte	0x1
 472 000a 50       		.byte	0x50
 473 000b 0A000000 		.4byte	.LVL1
 474 000f 14000000 		.4byte	.LFE0
ARM GAS  C:\Users\strap\AppData\Local\Temp\cctJMVdh.s 			page 11


 475 0013 0400     		.2byte	0x4
 476 0015 F3       		.byte	0xf3
 477 0016 01       		.uleb128 0x1
 478 0017 50       		.byte	0x50
 479 0018 9F       		.byte	0x9f
 480 0019 00000000 		.4byte	0
 481 001d 00000000 		.4byte	0
 482              	.LLST1:
 483 0021 00000000 		.4byte	.LVL3
 484 0025 07000000 		.4byte	.LVL4-1
 485 0029 0100     		.2byte	0x1
 486 002b 50       		.byte	0x50
 487 002c 07000000 		.4byte	.LVL4-1
 488 0030 0E000000 		.4byte	.LVL5
 489 0034 0100     		.2byte	0x1
 490 0036 54       		.byte	0x54
 491 0037 0E000000 		.4byte	.LVL5
 492 003b 10000000 		.4byte	.LVL6
 493 003f 0100     		.2byte	0x1
 494 0041 50       		.byte	0x50
 495 0042 10000000 		.4byte	.LVL6
 496 0046 12000000 		.4byte	.LVL7
 497 004a 0400     		.2byte	0x4
 498 004c 74       		.byte	0x74
 499 004d 00       		.sleb128 0
 500 004e 1F       		.byte	0x1f
 501 004f 9F       		.byte	0x9f
 502 0050 12000000 		.4byte	.LVL7
 503 0054 14000000 		.4byte	.LFE2
 504 0058 0100     		.2byte	0x1
 505 005a 50       		.byte	0x50
 506 005b 00000000 		.4byte	0
 507 005f 00000000 		.4byte	0
 508              	.LLST2:
 509 0063 08000000 		.4byte	.LVL4
 510 0067 0E000000 		.4byte	.LVL5
 511 006b 0100     		.2byte	0x1
 512 006d 50       		.byte	0x50
 513 006e 10000000 		.4byte	.LVL6
 514 0072 12000000 		.4byte	.LVL7
 515 0076 0100     		.2byte	0x1
 516 0078 50       		.byte	0x50
 517 0079 00000000 		.4byte	0
 518 007d 00000000 		.4byte	0
 519              		.section	.debug_aranges,"",%progbits
 520 0000 2C000000 		.4byte	0x2c
 521 0004 0200     		.2byte	0x2
 522 0006 00000000 		.4byte	.Ldebug_info0
 523 000a 04       		.byte	0x4
 524 000b 00       		.byte	0
 525 000c 0000     		.2byte	0
 526 000e 0000     		.2byte	0
 527 0010 00000000 		.4byte	.LFB0
 528 0014 14000000 		.4byte	.LFE0-.LFB0
 529 0018 00000000 		.4byte	.LFB1
 530 001c 18000000 		.4byte	.LFE1-.LFB1
 531 0020 00000000 		.4byte	.LFB2
ARM GAS  C:\Users\strap\AppData\Local\Temp\cctJMVdh.s 			page 12


 532 0024 14000000 		.4byte	.LFE2-.LFB2
 533 0028 00000000 		.4byte	0
 534 002c 00000000 		.4byte	0
 535              		.section	.debug_ranges,"",%progbits
 536              	.Ldebug_ranges0:
 537 0000 00000000 		.4byte	.LFB0
 538 0004 14000000 		.4byte	.LFE0
 539 0008 00000000 		.4byte	.LFB1
 540 000c 18000000 		.4byte	.LFE1
 541 0010 00000000 		.4byte	.LFB2
 542 0014 14000000 		.4byte	.LFE2
 543 0018 00000000 		.4byte	0
 544 001c 00000000 		.4byte	0
 545              		.section	.debug_line,"",%progbits
 546              	.Ldebug_line0:
 547 0000 7E010000 		.section	.debug_str,"MS",%progbits,1
 547      02003101 
 547      00000201 
 547      FB0E0D00 
 547      01010101 
 548              	.LASF8:
 549 0000 6C6F6E67 		.ascii	"long long int\000"
 549      206C6F6E 
 549      6720696E 
 549      7400
 550              	.LASF5:
 551 000e 5F5F7569 		.ascii	"__uint8_t\000"
 551      6E74385F 
 551      7400
 552              	.LASF23:
 553 0018 6C76676C 		.ascii	"lvgl\\src\\lv_hal\\lv_hal_tick.c\000"
 553      5C737263 
 553      5C6C765F 
 553      68616C5C 
 553      6C765F68 
 554              	.LASF17:
 555 0036 70726576 		.ascii	"prev_tick\000"
 555      5F746963 
 555      6B00
 556              	.LASF14:
 557 0040 6C765F74 		.ascii	"lv_tick_get\000"
 557      69636B5F 
 557      67657400 
 558              	.LASF20:
 559 004c 7379735F 		.ascii	"sys_time\000"
 559      74696D65 
 559      00
 560              	.LASF1:
 561 0055 756E7369 		.ascii	"unsigned char\000"
 561      676E6564 
 561      20636861 
 561      7200
 562              	.LASF22:
 563 0063 474E5520 		.ascii	"GNU C11 5.4.1 20160609 (release) [ARM/embedded-5-br"
 563      43313120 
 563      352E342E 
 563      31203230 
ARM GAS  C:\Users\strap\AppData\Local\Temp\cctJMVdh.s 			page 13


 563      31363036 
 564 0096 616E6368 		.ascii	"anch revision 237715] -mcpu=cortex-m3 -mthumb -g -O"
 564      20726576 
 564      6973696F 
 564      6E203233 
 564      37373135 
 565 00c9 67202D66 		.ascii	"g -ffunction-sections -ffat-lto-objects\000"
 565      66756E63 
 565      74696F6E 
 565      2D736563 
 565      74696F6E 
 566              	.LASF15:
 567 00f1 6C765F74 		.ascii	"lv_tick_elaps\000"
 567      69636B5F 
 567      656C6170 
 567      7300
 568              	.LASF7:
 569 00ff 6C6F6E67 		.ascii	"long unsigned int\000"
 569      20756E73 
 569      69676E65 
 569      6420696E 
 569      7400
 570              	.LASF3:
 571 0111 73686F72 		.ascii	"short unsigned int\000"
 571      7420756E 
 571      7369676E 
 571      65642069 
 571      6E7400
 572              	.LASF21:
 573 0124 7469636B 		.ascii	"tick_irq_flag\000"
 573      5F697271 
 573      5F666C61 
 573      6700
 574              	.LASF16:
 575 0132 7469636B 		.ascii	"tick_period\000"
 575      5F706572 
 575      696F6400 
 576              	.LASF6:
 577 013e 5F5F7569 		.ascii	"__uint32_t\000"
 577      6E743332 
 577      5F7400
 578              	.LASF25:
 579 0149 6C765F74 		.ascii	"lv_tick_inc\000"
 579      69636B5F 
 579      696E6300 
 580              	.LASF10:
 581 0155 756E7369 		.ascii	"unsigned int\000"
 581      676E6564 
 581      20696E74 
 581      00
 582              	.LASF19:
 583 0162 6163745F 		.ascii	"act_time\000"
 583      74696D65 
 583      00
 584              	.LASF9:
 585 016b 6C6F6E67 		.ascii	"long long unsigned int\000"
 585      206C6F6E 
ARM GAS  C:\Users\strap\AppData\Local\Temp\cctJMVdh.s 			page 14


 585      6720756E 
 585      7369676E 
 585      65642069 
 586              	.LASF11:
 587 0182 75696E74 		.ascii	"uint8_t\000"
 587      385F7400 
 588              	.LASF18:
 589 018a 72657375 		.ascii	"result\000"
 589      6C7400
 590              	.LASF24:
 591 0191 433A5C55 		.ascii	"C:\\Users\\strap\\Documents\\Creator\\test_lvgl\\il"
 591      73657273 
 591      5C737472 
 591      61705C44 
 591      6F63756D 
 592 01be 69393334 		.ascii	"i9341_master.cydsn\000"
 592      315F6D61 
 592      73746572 
 592      2E637964 
 592      736E00
 593              	.LASF2:
 594 01d1 73686F72 		.ascii	"short int\000"
 594      7420696E 
 594      7400
 595              	.LASF12:
 596 01db 75696E74 		.ascii	"uint32_t\000"
 596      33325F74 
 596      00
 597              	.LASF4:
 598 01e4 6C6F6E67 		.ascii	"long int\000"
 598      20696E74 
 598      00
 599              	.LASF13:
 600 01ed 6C6F6E67 		.ascii	"long double\000"
 600      20646F75 
 600      626C6500 
 601              	.LASF0:
 602 01f9 7369676E 		.ascii	"signed char\000"
 602      65642063 
 602      68617200 
 603              		.ident	"GCC: (GNU Tools for ARM Embedded Processors) 5.4.1 20160609 (release) [ARM/embedded-5-bran
