ARM GAS  C:\Users\strap\AppData\Local\Temp\cc1iZEWd.s 			page 1


   1              		.syntax unified
   2              		.cpu cortex-m3
   3              		.fpu softvfp
   4              		.eabi_attribute 20, 1
   5              		.eabi_attribute 21, 1
   6              		.eabi_attribute 23, 3
   7              		.eabi_attribute 24, 1
   8              		.eabi_attribute 25, 1
   9              		.eabi_attribute 26, 1
  10              		.eabi_attribute 30, 1
  11              		.eabi_attribute 34, 1
  12              		.eabi_attribute 18, 4
  13              		.thumb
  14              		.syntax unified
  15              		.file	"lv_templ.c"
  16              		.text
  17              	.Ltext0:
  18              		.cfi_sections	.debug_frame
  19              	.Letext0:
  20              		.section	.debug_info,"",%progbits
  21              	.Ldebug_info0:
  22 0000 21000000 		.4byte	0x21
  23 0004 0400     		.2byte	0x4
  24 0006 00000000 		.4byte	.Ldebug_abbrev0
  25 000a 04       		.byte	0x4
  26 000b 01       		.uleb128 0x1
  27 000c 1C000000 		.4byte	.LASF0
  28 0010 0C       		.byte	0xc
  29 0011 00000000 		.4byte	.LASF1
  30 0015 AA000000 		.4byte	.LASF2
  31 0019 00000000 		.4byte	.Ldebug_line0
  32 001d 02       		.uleb128 0x2
  33 001e 04       		.byte	0x4
  34 001f 05       		.byte	0x5
  35 0020 696E7400 		.ascii	"int\000"
  36 0024 00       		.byte	0
  37              		.section	.debug_abbrev,"",%progbits
  38              	.Ldebug_abbrev0:
  39 0000 01       		.uleb128 0x1
  40 0001 11       		.uleb128 0x11
  41 0002 01       		.byte	0x1
  42 0003 25       		.uleb128 0x25
  43 0004 0E       		.uleb128 0xe
  44 0005 13       		.uleb128 0x13
  45 0006 0B       		.uleb128 0xb
  46 0007 03       		.uleb128 0x3
  47 0008 0E       		.uleb128 0xe
  48 0009 1B       		.uleb128 0x1b
  49 000a 0E       		.uleb128 0xe
  50 000b 10       		.uleb128 0x10
  51 000c 17       		.uleb128 0x17
  52 000d 00       		.byte	0
  53 000e 00       		.byte	0
  54 000f 02       		.uleb128 0x2
  55 0010 24       		.uleb128 0x24
  56 0011 00       		.byte	0
  57 0012 0B       		.uleb128 0xb
ARM GAS  C:\Users\strap\AppData\Local\Temp\cc1iZEWd.s 			page 2


  58 0013 0B       		.uleb128 0xb
  59 0014 3E       		.uleb128 0x3e
  60 0015 0B       		.uleb128 0xb
  61 0016 03       		.uleb128 0x3
  62 0017 08       		.uleb128 0x8
  63 0018 00       		.byte	0
  64 0019 00       		.byte	0
  65 001a 00       		.byte	0
  66              		.section	.debug_aranges,"",%progbits
  67 0000 14000000 		.4byte	0x14
  68 0004 0200     		.2byte	0x2
  69 0006 00000000 		.4byte	.Ldebug_info0
  70 000a 04       		.byte	0x4
  71 000b 00       		.byte	0
  72 000c 0000     		.2byte	0
  73 000e 0000     		.2byte	0
  74 0010 00000000 		.4byte	0
  75 0014 00000000 		.4byte	0
  76              		.section	.debug_line,"",%progbits
  77              	.Ldebug_line0:
  78 0000 19000000 		.section	.debug_str,"MS",%progbits,1
  78      02001300 
  78      00000201 
  78      FB0E0D00 
  78      01010101 
  79              	.LASF1:
  80 0000 6C76676C 		.ascii	"lvgl\\src\\lv_misc\\lv_templ.c\000"
  80      5C737263 
  80      5C6C765F 
  80      6D697363 
  80      5C6C765F 
  81              	.LASF0:
  82 001c 474E5520 		.ascii	"GNU C11 5.4.1 20160609 (release) [ARM/embedded-5-br"
  82      43313120 
  82      352E342E 
  82      31203230 
  82      31363036 
  83 004f 616E6368 		.ascii	"anch revision 237715] -mcpu=cortex-m3 -mthumb -g -O"
  83      20726576 
  83      6973696F 
  83      6E203233 
  83      37373135 
  84 0082 67202D66 		.ascii	"g -ffunction-sections -ffat-lto-objects\000"
  84      66756E63 
  84      74696F6E 
  84      2D736563 
  84      74696F6E 
  85              	.LASF2:
  86 00aa 433A5C55 		.ascii	"C:\\Users\\strap\\Documents\\Creator\\test_lvgl\\il"
  86      73657273 
  86      5C737472 
  86      61705C44 
  86      6F63756D 
  87 00d7 69393334 		.ascii	"i9341_master.cydsn\000"
  87      315F6D61 
  87      73746572 
  87      2E637964 
ARM GAS  C:\Users\strap\AppData\Local\Temp\cc1iZEWd.s 			page 3


  87      736E00
  88              		.ident	"GCC: (GNU Tools for ARM Embedded Processors) 5.4.1 20160609 (release) [ARM/embedded-5-bran
